Using pre-set license
Built from '2020.3/staging' branch; Version is '2020.3.4f1 (0abb6314276a) revision 703331'; Using compiler version '192528614'; Build Type 'Release'
OS: 'Windows 10 Home; OS build 19043.1237; Version 2009; 64bit' Language: 'en' Physical Memory: 16263 MB
BatchMode: 1, IsHumanControllingUs: 0, StartBugReporterOnCrash: 0, Is64bit: 1, IsPro: 0

 COMMAND LINE ARGUMENTS:
C:\Program Files\Unity Hub\2020.3.4f1\Editor\Unity.exe
-adb2
-batchMode
-noUpm
-name
AssetImportWorker0
-projectPath
C:/Users/Kevin/Documents/GitHub/GameJam/GameJam
-logFile
Logs/AssetImportWorker0.log
-srvPort
53473
Successfully changed project path to: C:/Users/Kevin/Documents/GitHub/GameJam/GameJam
C:/Users/Kevin/Documents/GitHub/GameJam/GameJam
Using Asset Import Pipeline V2.
Refreshing native plugins compatible for Editor in 31.19 ms, found 1 plugins.
Preloading 0 native plugins for Editor in 0.00 ms.
Initialize engine version: 2020.3.4f1 (0abb6314276a)
[Subsystems] Discovering subsystems at path C:/Program Files/Unity Hub/2020.3.4f1/Editor/Data/Resources/UnitySubsystems
[Subsystems] Discovering subsystems at path C:/Users/Kevin/Documents/GitHub/GameJam/GameJam/Assets
GfxDevice: creating device client; threaded=0
Direct3D:
    Version:  Direct3D 11.0 [level 11.1]
    Renderer: NVIDIA GeForce GTX 1060 3GB (ID=0x1c02)
    Vendor:   
    VRAM:     2988 MB
    Driver:   30.0.14.7212
Initialize mono
Mono path[0] = 'C:/Program Files/Unity Hub/2020.3.4f1/Editor/Data/Managed'
Mono path[1] = 'C:/Program Files/Unity Hub/2020.3.4f1/Editor/Data/MonoBleedingEdge/lib/mono/unityjit'
Mono config path = 'C:/Program Files/Unity Hub/2020.3.4f1/Editor/Data/MonoBleedingEdge/etc'
Using monoOptions --debugger-agent=transport=dt_socket,embedding=1,server=y,suspend=n,address=127.0.0.1:56184
Begin MonoManager ReloadAssembly
Registering precompiled unity dll's ...
Register platform support module: C:/Program Files/Unity Hub/2020.3.4f1/Editor/Data/PlaybackEngines/WindowsStandaloneSupport/UnityEditor.WindowsStandalone.Extensions.dll
Registered in 0.001887 seconds.
Native extension for WindowsStandalone target not found
Refreshing native plugins compatible for Editor in 32.36 ms, found 1 plugins.
Preloading 0 native plugins for Editor in 0.00 ms.
Mono: successfully reloaded assembly
- Completed reload, in  0.999 seconds
Platform modules already initialized, skipping
Registering precompiled user dll's ...
Registered in 0.000832 seconds.
Begin MonoManager ReloadAssembly
Native extension for WindowsStandalone target not found
Refreshing native plugins compatible for Editor in 30.36 ms, found 1 plugins.
Preloading 0 native plugins for Editor in 0.00 ms.
Mono: successfully reloaded assembly
- Completed reload, in  0.813 seconds
Platform modules already initialized, skipping
========================================================================
Worker process is ready to serve import requests
Launched and connected shader compiler UnityShaderCompiler.exe after 0.04 seconds
Refreshing native plugins compatible for Editor in 0.54 ms, found 1 plugins.
Preloading 0 native plugins for Editor in 0.00 ms.
Unloading 1808 Unused Serialized files (Serialized files now loaded: 0)
System memory in use before: 84.8 MB.
System memory in use after: 84.8 MB.

Unloading 24 unused Assets to reduce memory usage. Loaded Objects now: 2250.
Total: 1.950000 ms (FindLiveObjects: 0.161800 ms CreateObjectMapping: 0.052200 ms MarkObjects: 1.633900 ms  DeleteObjects: 0.101000 ms)

========================================================================
Received Import Request.
  path: Packages/com.unity.2d.animation/package.json
  artifactKey: Guid(9e83c20a8293f44ec8a375d3805f477d) Importer(815301076,1909f56bfc062723c751e8b465ee728b)
Start importing Packages/com.unity.2d.animation/package.json using Guid(9e83c20a8293f44ec8a375d3805f477d) Importer(815301076,1909f56bfc062723c751e8b465ee728b)  -> (artifact id: 'bf0824af5e0767911944dc5bb1e2eba5') in 0.074977 seconds
  Import took 0.077911 seconds .

========================================================================
Received Import Request.
  Time since last request: 0.001503 seconds.
  path: Packages/com.unity.2d.animation/package.json
  artifactKey: Guid(9e83c20a8293f44ec8a375d3805f477d) Importer(815301076,1909f56bfc062723c751e8b465ee728b)
Start importing Packages/com.unity.2d.animation/package.json using Guid(9e83c20a8293f44ec8a375d3805f477d) Importer(815301076,1909f56bfc062723c751e8b465ee728b)  -> (artifact id: 'bf0824af5e0767911944dc5bb1e2eba5') in 0.001988 seconds
  Import took 0.004343 seconds .

========================================================================
Received Import Request.
  Time since last request: 2.913703 seconds.
  path: Assets
  artifactKey: Guid(00000000000000001000000000000000) Importer(815301076,1909f56bfc062723c751e8b465ee728b)
Start importing Assets using Guid(00000000000000001000000000000000) Importer(815301076,1909f56bfc062723c751e8b465ee728b)  -> (artifact id: '025e4f587c23674256bb898581e82961') in 0.006925 seconds
  Import took 0.009579 seconds .

========================================================================
Received Import Request.
  Time since last request: 0.000409 seconds.
  path: Assets
  artifactKey: Guid(00000000000000001000000000000000) Importer(815301076,1909f56bfc062723c751e8b465ee728b)
Start importing Assets using Guid(00000000000000001000000000000000) Importer(815301076,1909f56bfc062723c751e8b465ee728b)  -> (artifact id: '025e4f587c23674256bb898581e82961') in 0.001543 seconds
  Import took 0.004107 seconds .

========================================================================
Received Import Request.
  Time since last request: 35.661104 seconds.
  path: Assets/Entities
  artifactKey: Guid(4e556f060d1b5144daceacc2f1784667) Importer(815301076,1909f56bfc062723c751e8b465ee728b)
Start importing Assets/Entities using Guid(4e556f060d1b5144daceacc2f1784667) Importer(815301076,1909f56bfc062723c751e8b465ee728b)  -> (artifact id: '07e752bee4efd7728f7b96d2fe1ceedb') in 0.006043 seconds
  Import took 0.009555 seconds .

========================================================================
Received Import Request.
  Time since last request: 8.119299 seconds.
  path: Assets/Entities/Player
  artifactKey: Guid(92141b88b0ef4c94395c9478b6b264cc) Importer(815301076,1909f56bfc062723c751e8b465ee728b)
Start importing Assets/Entities/Player using Guid(92141b88b0ef4c94395c9478b6b264cc) Importer(815301076,1909f56bfc062723c751e8b465ee728b)  -> (artifact id: '977ccd46359945b5a634321e2b958ffe') in 0.005073 seconds
  Import took 0.007938 seconds .

========================================================================
Received Import Request.
  Time since last request: 4.578699 seconds.
  path: Assets/Entities/Enemies
  artifactKey: Guid(4b41fe99ab03f3b43ad535b80d3af7eb) Importer(815301076,1909f56bfc062723c751e8b465ee728b)
Start importing Assets/Entities/Enemies using Guid(4b41fe99ab03f3b43ad535b80d3af7eb) Importer(815301076,1909f56bfc062723c751e8b465ee728b)  -> (artifact id: 'cf76f01ebaa92860716e1af1dcf6e323') in 0.004697 seconds
  Import took 0.007904 seconds .

========================================================================
Received Import Request.
  Time since last request: 9.801628 seconds.
  path: Packages/com.unity.2d.psdimporter
  artifactKey: Guid(89fcc900e56380574db74dc98ed08bf1) Importer(815301076,1909f56bfc062723c751e8b465ee728b)
Start importing Packages/com.unity.2d.psdimporter using Guid(89fcc900e56380574db74dc98ed08bf1) Importer(815301076,1909f56bfc062723c751e8b465ee728b)  -> (artifact id: '189bff70805ed5a403612f453d3de682') in 0.004985 seconds
  Import took 0.011262 seconds .

========================================================================
Received Import Request.
  Time since last request: 0.092365 seconds.
  path: Packages/com.unity.2d.psdimporter/package.json
  artifactKey: Guid(2f948ecb81c850949a2725b1ba265844) Importer(815301076,1909f56bfc062723c751e8b465ee728b)
Start importing Packages/com.unity.2d.psdimporter/package.json using Guid(2f948ecb81c850949a2725b1ba265844) Importer(815301076,1909f56bfc062723c751e8b465ee728b)  -> (artifact id: 'ace8b2c083ca25b6a00abdb0cc624b6c') in 0.011515 seconds
  Import took 0.014986 seconds .

========================================================================
Received Import Request.
  Time since last request: 2.966819 seconds.
  path: Packages/com.unity.2d.psdimporter/Tests
  artifactKey: Guid(ef286a7cdaafc8141b7eaa37314b76cf) Importer(815301076,1909f56bfc062723c751e8b465ee728b)
Start importing Packages/com.unity.2d.psdimporter/Tests using Guid(ef286a7cdaafc8141b7eaa37314b76cf) Importer(815301076,1909f56bfc062723c751e8b465ee728b)  -> (artifact id: '8bdfa878d60bd0cede8e6c3cb48eea65') in 0.008842 seconds
  Import took 0.011668 seconds .

========================================================================
Received Import Request.
  Time since last request: 0.701495 seconds.
  path: Packages/com.unity.2d.psdimporter/Tests/EditorTests
  artifactKey: Guid(53e6b81c6627ce5469c38700ebbd32a7) Importer(815301076,1909f56bfc062723c751e8b465ee728b)
Start importing Packages/com.unity.2d.psdimporter/Tests/EditorTests using Guid(53e6b81c6627ce5469c38700ebbd32a7) Importer(815301076,1909f56bfc062723c751e8b465ee728b)  -> (artifact id: '9d2462e9baba2af37aefa47cd5d926de') in 0.010035 seconds
  Import took 0.013084 seconds .

========================================================================
Received Import Request.
  Time since last request: 0.112192 seconds.
  path: Packages/com.unity.2d.psdimporter/Tests/EditorTests/Unity.2D.Psdimporter.EditorTests.asmdef
  artifactKey: Guid(782c623a3cbd6d940be3a3bcf0d4604b) Importer(815301076,1909f56bfc062723c751e8b465ee728b)
Start importing Packages/com.unity.2d.psdimporter/Tests/EditorTests/Unity.2D.Psdimporter.EditorTests.asmdef using Guid(782c623a3cbd6d940be3a3bcf0d4604b) Importer(815301076,1909f56bfc062723c751e8b465ee728b)  -> (artifact id: 'd0e618c11e0855c665ecafe30205d850') in 0.008135 seconds
  Import took 0.011218 seconds .

========================================================================
Received Prepare
Registering precompiled user dll's ...
Registered in 0.000858 seconds.
Begin MonoManager ReloadAssembly
Native extension for WindowsStandalone target not found
Refreshing native plugins compatible for Editor in 0.28 ms, found 1 plugins.
Preloading 0 native plugins for Editor in 0.00 ms.
Mono: successfully reloaded assembly
- Completed reload, in  0.758 seconds
Platform modules already initialized, skipping
Refreshing native plugins compatible for Editor in 0.31 ms, found 1 plugins.
Preloading 0 native plugins for Editor in 0.00 ms.
Unloading 1803 Unused Serialized files (Serialized files now loaded: 0)
System memory in use before: 84.8 MB.
System memory in use after: 84.8 MB.

Unloading 12 unused Assets to reduce memory usage. Loaded Objects now: 2254.
Total: 2.084500 ms (FindLiveObjects: 0.173900 ms CreateObjectMapping: 0.059900 ms MarkObjects: 1.762500 ms  DeleteObjects: 0.087500 ms)

========================================================================
Received Prepare
Registering precompiled user dll's ...
Registered in 0.000807 seconds.
Begin MonoManager ReloadAssembly
Native extension for WindowsStandalone target not found
Refreshing native plugins compatible for Editor in 0.33 ms, found 1 plugins.
Preloading 0 native plugins for Editor in 0.00 ms.
Mono: successfully reloaded assembly
- Completed reload, in  0.729 seconds
Platform modules already initialized, skipping
Refreshing native plugins compatible for Editor in 0.31 ms, found 1 plugins.
Preloading 0 native plugins for Editor in 0.00 ms.
Unloading 1803 Unused Serialized files (Serialized files now loaded: 0)
System memory in use before: 84.8 MB.
System memory in use after: 84.8 MB.

Unloading 12 unused Assets to reduce memory usage. Loaded Objects now: 2258.
Total: 2.112700 ms (FindLiveObjects: 0.219800 ms CreateObjectMapping: 0.071300 ms MarkObjects: 1.731700 ms  DeleteObjects: 0.088500 ms)

========================================================================
Received Import Request.
  Time since last request: 501.720799 seconds.
  path: Assets/New Material.mat
  artifactKey: Guid(f7270671824e9014aa5cc856eb2b54eb) Importer(815301076,1909f56bfc062723c751e8b465ee728b)
Start importing Assets/New Material.mat using Guid(f7270671824e9014aa5cc856eb2b54eb) Importer(815301076,1909f56bfc062723c751e8b465ee728b)  -> (artifact id: '07843a67f3218e5c969261565e17dce6') in 0.082954 seconds
  Import took 0.086660 seconds .

========================================================================
Received Import Request.
  Time since last request: 4.352790 seconds.
  path: Assets/Materials
  artifactKey: Guid(72f85b6413783184eb4ea1369fd2d325) Importer(815301076,1909f56bfc062723c751e8b465ee728b)
Start importing Assets/Materials using Guid(72f85b6413783184eb4ea1369fd2d325) Importer(815301076,1909f56bfc062723c751e8b465ee728b)  -> (artifact id: 'e31095b5d10aae6b4f455820975f699d') in 0.004840 seconds
  Import took 0.007509 seconds .

========================================================================
Received Import Request.
  Time since last request: 2.952972 seconds.
  path: Assets/Scenes
  artifactKey: Guid(47aa5e2478289d244bc3a34c641787ce) Importer(815301076,1909f56bfc062723c751e8b465ee728b)
Start importing Assets/Scenes using Guid(47aa5e2478289d244bc3a34c641787ce) Importer(815301076,1909f56bfc062723c751e8b465ee728b)  -> (artifact id: '5c552335235f74249d0675b2397ded12') in 0.009907 seconds
  Import took 0.012763 seconds .

========================================================================
Received Import Request.
  Time since last request: 1.738013 seconds.
  path: Assets/Scenes/SampleScene.unity
  artifactKey: Guid(2cda990e2423bbf4892e6590ba056729) Importer(815301076,1909f56bfc062723c751e8b465ee728b)
Start importing Assets/Scenes/SampleScene.unity using Guid(2cda990e2423bbf4892e6590ba056729) Importer(815301076,1909f56bfc062723c751e8b465ee728b)  -> (artifact id: '2ed9fd78aaf654cf203fcade0d9b978b') in 0.006282 seconds
  Import took 0.009143 seconds .

========================================================================
Received Import Request.
  Time since last request: 110.486156 seconds.
  path: Assets/Entities/Player/Movement.cs
  artifactKey: Guid(46fcb251e1f838f4c9dd32b3a6dbd902) Importer(815301076,1909f56bfc062723c751e8b465ee728b)
Start importing Assets/Entities/Player/Movement.cs using Guid(46fcb251e1f838f4c9dd32b3a6dbd902) Importer(815301076,1909f56bfc062723c751e8b465ee728b)  -> (artifact id: '85f19b14e31f7a293edec70c77e4810f') in 0.016864 seconds
  Import took 0.019767 seconds .

========================================================================
Received Import Request.
  Time since last request: 0.001104 seconds.
  path: Assets/Entities/Player/Movement.cs
  artifactKey: Guid(46fcb251e1f838f4c9dd32b3a6dbd902) Importer(815301076,1909f56bfc062723c751e8b465ee728b)
Start importing Assets/Entities/Player/Movement.cs using Guid(46fcb251e1f838f4c9dd32b3a6dbd902) Importer(815301076,1909f56bfc062723c751e8b465ee728b)  -> (artifact id: '85f19b14e31f7a293edec70c77e4810f') in 0.001846 seconds
  Import took 0.004304 seconds .

========================================================================
Received Prepare
Registering precompiled user dll's ...
Registered in 0.000870 seconds.
Begin MonoManager ReloadAssembly
Native extension for WindowsStandalone target not found
Refreshing native plugins compatible for Editor in 0.35 ms, found 1 plugins.
Preloading 0 native plugins for Editor in 0.00 ms.
Mono: successfully reloaded assembly
- Completed reload, in  0.762 seconds
Platform modules already initialized, skipping
Refreshing native plugins compatible for Editor in 0.31 ms, found 1 plugins.
Preloading 0 native plugins for Editor in 0.00 ms.
Unloading 1804 Unused Serialized files (Serialized files now loaded: 0)
System memory in use before: 88.2 MB.
System memory in use after: 88.2 MB.

Unloading 12 unused Assets to reduce memory usage. Loaded Objects now: 2303.
Total: 2.625500 ms (FindLiveObjects: 0.578900 ms CreateObjectMapping: 0.170200 ms MarkObjects: 1.787700 ms  DeleteObjects: 0.087800 ms)

========================================================================
Received Import Request.
  Time since last request: 91.707934 seconds.
  path: ProjectSettings/TagManager.asset
  artifactKey: Guid(00000000000000003000000000000000) Importer(815301076,1909f56bfc062723c751e8b465ee728b)
Start importing ProjectSettings/TagManager.asset using Guid(00000000000000003000000000000000) Importer(815301076,1909f56bfc062723c751e8b465ee728b)  -> (artifact id: '412dcb57b31f49cb50955ec4e4cd9f98') in 0.015463 seconds
  Import took 0.018171 seconds .

========================================================================
Received Import Request.
  Time since last request: 74.583631 seconds.
  path: Packages/com.unity.2d.sprite/Editor/ObjectMenuCreation/DefaultAssets/Textures/9-Sliced.png
  artifactKey: Guid(71ebafeef3c03457483266a33ab2b270) Importer(815301076,1909f56bfc062723c751e8b465ee728b)
Start importing Packages/com.unity.2d.sprite/Editor/ObjectMenuCreation/DefaultAssets/Textures/9-Sliced.png using Guid(71ebafeef3c03457483266a33ab2b270) Importer(815301076,1909f56bfc062723c751e8b465ee728b)  -> (artifact id: '35370e1b0c83c1554e0ece92c59d34de') in 0.053545 seconds
  Import took 0.056659 seconds .

========================================================================
Received Import Request.
  Time since last request: 0.000213 seconds.
  path: Packages/com.unity.2d.sprite/Editor/ObjectMenuCreation/DefaultAssets/Textures/HexagonPointed-Top.png
  artifactKey: Guid(eed45a33cd08446c8b88325cf82fc52f) Importer(815301076,1909f56bfc062723c751e8b465ee728b)
Start importing Packages/com.unity.2d.sprite/Editor/ObjectMenuCreation/DefaultAssets/Textures/HexagonPointed-Top.png using Guid(eed45a33cd08446c8b88325cf82fc52f) Importer(815301076,1909f56bfc062723c751e8b465ee728b)  -> (artifact id: '4ab34c28c3e9dd791c9d7a26257b0147') in 0.025145 seconds
  Import took 0.027691 seconds .

========================================================================
Received Import Request.
  Time since last request: 0.000227 seconds.
  path: Packages/com.unity.2d.sprite/Editor/ObjectMenuCreation/DefaultAssets/Textures/HexagonPointed-TopWithBorder.png
  artifactKey: Guid(4b2a04fdbe0ef4d8da8f90eaca817cd1) Importer(815301076,1909f56bfc062723c751e8b465ee728b)
Start importing Packages/com.unity.2d.sprite/Editor/ObjectMenuCreation/DefaultAssets/Textures/HexagonPointed-TopWithBorder.png using Guid(4b2a04fdbe0ef4d8da8f90eaca817cd1) Importer(815301076,1909f56bfc062723c751e8b465ee728b)  -> (artifact id: 'd5c0f17924f148fd6736516ea013bdac') in 0.019141 seconds
  Import took 0.022143 seconds .

========================================================================
Received Import Request.
  Time since last request: 0.000242 seconds.
  path: Packages/com.unity.2d.sprite/Editor/ObjectMenuCreation/DefaultAssets/Textures/HexagonFlat-TopWithBorder.png
  artifactKey: Guid(a9716c16a44a94eed9b5c90fbf4d9bdd) Importer(815301076,1909f56bfc062723c751e8b465ee728b)
Start importing Packages/com.unity.2d.sprite/Editor/ObjectMenuCreation/DefaultAssets/Textures/HexagonFlat-TopWithBorder.png using Guid(a9716c16a44a94eed9b5c90fbf4d9bdd) Importer(815301076,1909f56bfc062723c751e8b465ee728b)  -> (artifact id: '068a26a12501682f9f07c24bd4ceaf7a') in 0.020548 seconds
  Import took 0.023052 seconds .

========================================================================
Received Import Request.
  Time since last request: 0.000248 seconds.
  path: Packages/com.unity.2d.sprite/Editor/ObjectMenuCreation/DefaultAssets/Textures/Capsule.png
  artifactKey: Guid(bd3cb4af8406d4436a2ae8c2aafe1f8d) Importer(815301076,1909f56bfc062723c751e8b465ee728b)
Start importing Packages/com.unity.2d.sprite/Editor/ObjectMenuCreation/DefaultAssets/Textures/Capsule.png using Guid(bd3cb4af8406d4436a2ae8c2aafe1f8d) Importer(815301076,1909f56bfc062723c751e8b465ee728b)  -> (artifact id: 'a1ce44c3632d3524e0de96bac083286b') in 0.018142 seconds
  Import took 0.021233 seconds .

========================================================================
Received Import Request.
  Time since last request: 0.000235 seconds.
  path: Packages/com.unity.2d.sprite/Editor/ObjectMenuCreation/DefaultAssets/Textures/HexagonFlat-Top.png
  artifactKey: Guid(16037dbd798344f57a526d53d48f5ead) Importer(815301076,1909f56bfc062723c751e8b465ee728b)
Start importing Packages/com.unity.2d.sprite/Editor/ObjectMenuCreation/DefaultAssets/Textures/HexagonFlat-Top.png using Guid(16037dbd798344f57a526d53d48f5ead) Importer(815301076,1909f56bfc062723c751e8b465ee728b)  -> (artifact id: 'e2e2654377fbe85a82c24e73799fe2ae') in 0.016396 seconds
  Import took 0.018916 seconds .

========================================================================
Received Import Request.
  Time since last request: 0.000263 seconds.
  path: Packages/com.unity.2d.sprite/Editor/ObjectMenuCreation/DefaultAssets/Textures/CircleMask.png
  artifactKey: Guid(87aaca0a643d54397ba969dab4fc8875) Importer(815301076,1909f56bfc062723c751e8b465ee728b)
Start importing Packages/com.unity.2d.sprite/Editor/ObjectMenuCreation/DefaultAssets/Textures/CircleMask.png using Guid(87aaca0a643d54397ba969dab4fc8875) Importer(815301076,1909f56bfc062723c751e8b465ee728b)  -> (artifact id: 'ff96729be3727d58c23d71bad3f4071a') in 0.017480 seconds
  Import took 0.019951 seconds .

========================================================================
Received Import Request.
  Time since last request: 0.000231 seconds.
  path: Packages/com.unity.2d.sprite/Editor/ObjectMenuCreation/DefaultAssets/Textures/9-SlicedWithBorder.png
  artifactKey: Guid(cc35afd292fc349128b36a291fb3a165) Importer(815301076,1909f56bfc062723c751e8b465ee728b)
Start importing Packages/com.unity.2d.sprite/Editor/ObjectMenuCreation/DefaultAssets/Textures/9-SlicedWithBorder.png using Guid(cc35afd292fc349128b36a291fb3a165) Importer(815301076,1909f56bfc062723c751e8b465ee728b)  -> (artifact id: '05494d75a7f66f409c4ba160e8311f70') in 0.022364 seconds
  Import took 0.026179 seconds .

========================================================================
Received Import Request.
  Time since last request: 0.000228 seconds.
  path: Packages/com.unity.2d.sprite/Editor/ObjectMenuCreation/DefaultAssets/Textures/Square.png
  artifactKey: Guid(48e93eef0688c4a259cb0eddcd8661f7) Importer(815301076,1909f56bfc062723c751e8b465ee728b)
Start importing Packages/com.unity.2d.sprite/Editor/ObjectMenuCreation/DefaultAssets/Textures/Square.png using Guid(48e93eef0688c4a259cb0eddcd8661f7) Importer(815301076,1909f56bfc062723c751e8b465ee728b)  -> (artifact id: '9728aeb6daaa0dd3e46c240aa5d6656d') in 0.030439 seconds
  Import took 0.034149 seconds .

========================================================================
Received Import Request.
  Time since last request: 0.000173 seconds.
  path: Packages/com.unity.2d.sprite/Editor/ObjectMenuCreation/DefaultAssets/Textures/Circle.png
  artifactKey: Guid(ebe73ca9363db456bacf42c025bb4847) Importer(815301076,1909f56bfc062723c751e8b465ee728b)
Start importing Packages/com.unity.2d.sprite/Editor/ObjectMenuCreation/DefaultAssets/Textures/Circle.png using Guid(ebe73ca9363db456bacf42c025bb4847) Importer(815301076,1909f56bfc062723c751e8b465ee728b)  -> (artifact id: 'e967e3058c07d0b64e960a2f49e5620f') in 0.009536 seconds
  Import took 0.012130 seconds .

========================================================================
Received Import Request.
  Time since last request: 0.000240 seconds.
  path: Packages/com.unity.2d.sprite/Editor/ObjectMenuCreation/DefaultAssets/Textures/CircleWithBorder.png
  artifactKey: Guid(4adeaf2d2b1c7417e89f026626d8264f) Importer(815301076,1909f56bfc062723c751e8b465ee728b)
Start importing Packages/com.unity.2d.sprite/Editor/ObjectMenuCreation/DefaultAssets/Textures/CircleWithBorder.png using Guid(4adeaf2d2b1c7417e89f026626d8264f) Importer(815301076,1909f56bfc062723c751e8b465ee728b)  -> (artifact id: 'b854d396cf495b13502a73ea15e6fb9d') in 0.015742 seconds
  Import took 0.018451 seconds .

========================================================================
Received Import Request.
  Time since last request: 0.000213 seconds.
  path: Packages/com.unity.2d.sprite/Editor/ObjectMenuCreation/DefaultAssets/Textures/SquareWithBorder.png
  artifactKey: Guid(db750325989564987a34393247d883b4) Importer(815301076,1909f56bfc062723c751e8b465ee728b)
Start importing Packages/com.unity.2d.sprite/Editor/ObjectMenuCreation/DefaultAssets/Textures/SquareWithBorder.png using Guid(db750325989564987a34393247d883b4) Importer(815301076,1909f56bfc062723c751e8b465ee728b)  -> (artifact id: '81b64f880e980d4e5669d9b04ddb4c34') in 0.015475 seconds
  Import took 0.018155 seconds .

========================================================================
Received Import Request.
  Time since last request: 0.000212 seconds.
  path: Packages/com.unity.2d.sprite/Editor/ObjectMenuCreation/DefaultAssets/Textures/IsometricDiamond.png
  artifactKey: Guid(045b15ec09bba42448d89db77fa6f20a) Importer(815301076,1909f56bfc062723c751e8b465ee728b)
Start importing Packages/com.unity.2d.sprite/Editor/ObjectMenuCreation/DefaultAssets/Textures/IsometricDiamond.png using Guid(045b15ec09bba42448d89db77fa6f20a) Importer(815301076,1909f56bfc062723c751e8b465ee728b)  -> (artifact id: '63bcc105a00e76775679c34f800700c6') in 0.014115 seconds
  Import took 0.017077 seconds .

========================================================================
Received Import Request.
  Time since last request: 0.000257 seconds.
  path: Packages/com.unity.2d.sprite/Editor/ObjectMenuCreation/DefaultAssets/Textures/CapsuleWithBorder.png
  artifactKey: Guid(34587324d412940a79d530020c957dc0) Importer(815301076,1909f56bfc062723c751e8b465ee728b)
Start importing Packages/com.unity.2d.sprite/Editor/ObjectMenuCreation/DefaultAssets/Textures/CapsuleWithBorder.png using Guid(34587324d412940a79d530020c957dc0) Importer(815301076,1909f56bfc062723c751e8b465ee728b)  -> (artifact id: 'dbd59e94e67a797f071178292e8e8426') in 0.014823 seconds
  Import took 0.018092 seconds .

========================================================================
Received Import Request.
  Time since last request: 0.000260 seconds.
  path: Packages/com.unity.2d.sprite/Editor/ObjectMenuCreation/DefaultAssets/Textures/IsometricDiamondWithBorder.png
  artifactKey: Guid(0d267bc78a0864eb48358689b29ed20a) Importer(815301076,1909f56bfc062723c751e8b465ee728b)
Start importing Packages/com.unity.2d.sprite/Editor/ObjectMenuCreation/DefaultAssets/Textures/IsometricDiamondWithBorder.png using Guid(0d267bc78a0864eb48358689b29ed20a) Importer(815301076,1909f56bfc062723c751e8b465ee728b)  -> (artifact id: '3621297ba650dd698cd123c0a3274c0f') in 0.013926 seconds
  Import took 0.016339 seconds .

========================================================================
Received Import Request.
  Time since last request: 0.000459 seconds.
  path: Packages/com.unity.2d.sprite/Editor/ObjectMenuCreation/DefaultAssets/Textures/IsometricDiamondWithBorder.png
  artifactKey: Guid(0d267bc78a0864eb48358689b29ed20a) Importer(815301076,1909f56bfc062723c751e8b465ee728b)
Start importing Packages/com.unity.2d.sprite/Editor/ObjectMenuCreation/DefaultAssets/Textures/IsometricDiamondWithBorder.png using Guid(0d267bc78a0864eb48358689b29ed20a) Importer(815301076,1909f56bfc062723c751e8b465ee728b)  -> (artifact id: '3621297ba650dd698cd123c0a3274c0f') in 0.006166 seconds
  Import took 0.008804 seconds .

========================================================================
Received Import Request.
  Time since last request: 41.166567 seconds.
  path: Packages/com.unity.2d.sprite/Editor/Unity.2D.Sprite.Editor.asmdef
  artifactKey: Guid(2c573e6b271651846a79655161004c5b) Importer(815301076,1909f56bfc062723c751e8b465ee728b)
Start importing Packages/com.unity.2d.sprite/Editor/Unity.2D.Sprite.Editor.asmdef using Guid(2c573e6b271651846a79655161004c5b) Importer(815301076,1909f56bfc062723c751e8b465ee728b)  -> (artifact id: '5fe8f7feca6ffe230de0721004bc505b') in 0.004941 seconds
  Import took 0.007991 seconds .

========================================================================
Received Import Request.
  Time since last request: 61.718373 seconds.
  path: Assets/Entities/Player/stick figure.png
  artifactKey: Guid(4e977ad060c24924fb968b7a7d032c28) Importer(815301076,1909f56bfc062723c751e8b465ee728b)
Start importing Assets/Entities/Player/stick figure.png using Guid(4e977ad060c24924fb968b7a7d032c28) Importer(815301076,1909f56bfc062723c751e8b465ee728b)  -> (artifact id: '1af5a592b7a1f2d285ce9c011b3d8eb6') in 0.019293 seconds
  Import took 0.022165 seconds .

========================================================================
Received Import Request.
  Time since last request: 385.556264 seconds.
  path: Assets/Entities/Player/stick figure.png
  artifactKey: Guid(4e977ad060c24924fb968b7a7d032c28) Importer(815301076,1909f56bfc062723c751e8b465ee728b)
Start importing Assets/Entities/Player/stick figure.png using Guid(4e977ad060c24924fb968b7a7d032c28) Importer(815301076,1909f56bfc062723c751e8b465ee728b)  -> (artifact id: '54abfc7791e5d57e8317285a7d5852ee') in 0.019813 seconds
  Import took 0.023300 seconds .

========================================================================
Received Import Request.
  Time since last request: 114.100948 seconds.
  path: Assets/Entities/Player/stick figure.png
  artifactKey: Guid(4e977ad060c24924fb968b7a7d032c28) Importer(815301076,1909f56bfc062723c751e8b465ee728b)
Start importing Assets/Entities/Player/stick figure.png using Guid(4e977ad060c24924fb968b7a7d032c28) Importer(815301076,1909f56bfc062723c751e8b465ee728b)  -> (artifact id: '54a0dc6d0fcf66781a644bc7d318823f') in 0.010177 seconds
  Import took 0.013045 seconds .

========================================================================
Received Prepare
Registering precompiled user dll's ...
Registered in 0.000889 seconds.
Begin MonoManager ReloadAssembly
Native extension for WindowsStandalone target not found
Refreshing native plugins compatible for Editor in 0.31 ms, found 1 plugins.
Preloading 0 native plugins for Editor in 0.00 ms.
Mono: successfully reloaded assembly
- Completed reload, in  0.742 seconds
Platform modules already initialized, skipping
Refreshing native plugins compatible for Editor in 0.30 ms, found 1 plugins.
Preloading 0 native plugins for Editor in 0.00 ms.
Unloading 1805 Unused Serialized files (Serialized files now loaded: 0)
System memory in use before: 88.3 MB.
System memory in use after: 88.3 MB.

Unloading 13 unused Assets to reduce memory usage. Loaded Objects now: 2323.
Total: 2.039800 ms (FindLiveObjects: 0.249500 ms CreateObjectMapping: 0.103600 ms MarkObjects: 1.589400 ms  DeleteObjects: 0.096000 ms)

========================================================================
Received Prepare
Registering precompiled user dll's ...
Registered in 0.000873 seconds.
Begin MonoManager ReloadAssembly
Native extension for WindowsStandalone target not found
Refreshing native plugins compatible for Editor in 0.34 ms, found 1 plugins.
Preloading 0 native plugins for Editor in 0.00 ms.
Mono: successfully reloaded assembly
- Completed reload, in  0.772 seconds
Platform modules already initialized, skipping
Refreshing native plugins compatible for Editor in 0.30 ms, found 1 plugins.
Preloading 0 native plugins for Editor in 0.00 ms.
Unloading 1804 Unused Serialized files (Serialized files now loaded: 0)
System memory in use before: 88.3 MB.
System memory in use after: 88.3 MB.

Unloading 13 unused Assets to reduce memory usage. Loaded Objects now: 2326.
Total: 1.882400 ms (FindLiveObjects: 0.206000 ms CreateObjectMapping: 0.068300 ms MarkObjects: 1.519300 ms  DeleteObjects: 0.087900 ms)

========================================================================
Received Import Request.
  Time since last request: 456.993804 seconds.
  path: Assets/Entities/Player/2D-Character-Controller-master
  artifactKey: Guid(54d9bb76d8f1df94ca06e1bbdaf0bbba) Importer(815301076,1909f56bfc062723c751e8b465ee728b)
Start importing Assets/Entities/Player/2D-Character-Controller-master using Guid(54d9bb76d8f1df94ca06e1bbdaf0bbba) Importer(815301076,1909f56bfc062723c751e8b465ee728b)  -> (artifact id: '8d5e7643b7ff7be2cfca2f8e40c40080') in 0.007065 seconds
  Import took 0.009772 seconds .

========================================================================
Received Import Request.
  Time since last request: 2.553542 seconds.
  path: Assets/Entities/Player/2D-Character-Controller-master/CharacterController2D.cs
  artifactKey: Guid(89686233a711f44469c44b81632c7d7b) Importer(815301076,1909f56bfc062723c751e8b465ee728b)
Start importing Assets/Entities/Player/2D-Character-Controller-master/CharacterController2D.cs using Guid(89686233a711f44469c44b81632c7d7b) Importer(815301076,1909f56bfc062723c751e8b465ee728b)  -> (artifact id: '70dc223728db92a36ae61026048d091a') in 0.005012 seconds
  Import took 0.007903 seconds .

========================================================================
Received Import Request.
  Time since last request: 0.000687 seconds.
  path: Assets/Entities/Player/2D-Character-Controller-master/CharacterController2D.cs
  artifactKey: Guid(89686233a711f44469c44b81632c7d7b) Importer(815301076,1909f56bfc062723c751e8b465ee728b)
Start importing Assets/Entities/Player/2D-Character-Controller-master/CharacterController2D.cs using Guid(89686233a711f44469c44b81632c7d7b) Importer(815301076,1909f56bfc062723c751e8b465ee728b)  -> (artifact id: '70dc223728db92a36ae61026048d091a') in 0.001832 seconds
  Import took 0.004534 seconds .

========================================================================
Received Prepare
Registering precompiled user dll's ...
Registered in 0.000890 seconds.
Begin MonoManager ReloadAssembly
Native extension for WindowsStandalone target not found
Refreshing native plugins compatible for Editor in 0.32 ms, found 1 plugins.
Preloading 0 native plugins for Editor in 0.00 ms.
Mono: successfully reloaded assembly
- Completed reload, in  0.751 seconds
Platform modules already initialized, skipping
Refreshing native plugins compatible for Editor in 0.31 ms, found 1 plugins.
Preloading 0 native plugins for Editor in 0.00 ms.
Unloading 1804 Unused Serialized files (Serialized files now loaded: 0)
System memory in use before: 88.3 MB.
System memory in use after: 88.3 MB.

Unloading 12 unused Assets to reduce memory usage. Loaded Objects now: 2330.
Total: 1.922400 ms (FindLiveObjects: 0.200700 ms CreateObjectMapping: 0.051800 ms MarkObjects: 1.568700 ms  DeleteObjects: 0.100300 ms)

========================================================================
Received Prepare
Registering precompiled user dll's ...
Registered in 0.001571 seconds.
Begin MonoManager ReloadAssembly
Native extension for WindowsStandalone target not found
Refreshing native plugins compatible for Editor in 0.32 ms, found 1 plugins.
Preloading 0 native plugins for Editor in 0.00 ms.
Mono: successfully reloaded assembly
- Completed reload, in  0.730 seconds
Platform modules already initialized, skipping
Refreshing native plugins compatible for Editor in 0.31 ms, found 1 plugins.
Preloading 0 native plugins for Editor in 0.00 ms.
Unloading 1804 Unused Serialized files (Serialized files now loaded: 0)
System memory in use before: 88.3 MB.
System memory in use after: 88.3 MB.

Unloading 12 unused Assets to reduce memory usage. Loaded Objects now: 2334.
Total: 2.310600 ms (FindLiveObjects: 0.333000 ms CreateObjectMapping: 0.179000 ms MarkObjects: 1.694400 ms  DeleteObjects: 0.102600 ms)

========================================================================
Received Prepare
Registering precompiled user dll's ...
Registered in 0.000877 seconds.
Begin MonoManager ReloadAssembly
Native extension for WindowsStandalone target not found
Refreshing native plugins compatible for Editor in 0.31 ms, found 1 plugins.
Preloading 0 native plugins for Editor in 0.00 ms.
Mono: successfully reloaded assembly
- Completed reload, in  0.750 seconds
Platform modules already initialized, skipping
Refreshing native plugins compatible for Editor in 0.31 ms, found 1 plugins.
Preloading 0 native plugins for Editor in 0.00 ms.
Unloading 1805 Unused Serialized files (Serialized files now loaded: 0)
System memory in use before: 88.4 MB.
System memory in use after: 88.3 MB.

Unloading 12 unused Assets to reduce memory usage. Loaded Objects now: 2339.
Total: 2.013200 ms (FindLiveObjects: 0.221700 ms CreateObjectMapping: 0.075500 ms MarkObjects: 1.619200 ms  DeleteObjects: 0.096200 ms)

========================================================================
Received Prepare
Registering precompiled user dll's ...
Registered in 0.000829 seconds.
Begin MonoManager ReloadAssembly
Native extension for WindowsStandalone target not found
Refreshing native plugins compatible for Editor in 0.31 ms, found 1 plugins.
Preloading 0 native plugins for Editor in 0.00 ms.
Mono: successfully reloaded assembly
- Completed reload, in  0.727 seconds
Platform modules already initialized, skipping
Refreshing native plugins compatible for Editor in 0.31 ms, found 1 plugins.
Preloading 0 native plugins for Editor in 0.00 ms.
Unloading 1805 Unused Serialized files (Serialized files now loaded: 0)
System memory in use before: 88.4 MB.
System memory in use after: 88.4 MB.

Unloading 12 unused Assets to reduce memory usage. Loaded Objects now: 2343.
Total: 1.990600 ms (FindLiveObjects: 0.222000 ms CreateObjectMapping: 0.073100 ms MarkObjects: 1.597000 ms  DeleteObjects: 0.097300 ms)

========================================================================
Received Prepare
Registering precompiled user dll's ...
Registered in 0.000837 seconds.
Begin MonoManager ReloadAssembly
Native extension for WindowsStandalone target not found
Refreshing native plugins compatible for Editor in 0.31 ms, found 1 plugins.
Preloading 0 native plugins for Editor in 0.00 ms.
Mono: successfully reloaded assembly
- Completed reload, in  0.724 seconds
Platform modules already initialized, skipping
Refreshing native plugins compatible for Editor in 0.31 ms, found 1 plugins.
Preloading 0 native plugins for Editor in 0.00 ms.
Unloading 1805 Unused Serialized files (Serialized files now loaded: 0)
System memory in use before: 88.4 MB.
System memory in use after: 88.4 MB.

Unloading 12 unused Assets to reduce memory usage. Loaded Objects now: 2347.
Total: 1.969000 ms (FindLiveObjects: 0.217500 ms CreateObjectMapping: 0.076700 ms MarkObjects: 1.580600 ms  DeleteObjects: 0.093100 ms)

========================================================================
Received Import Request.
  Time since last request: 934.591939 seconds.
  path: Assets/Entities/Player/PlayerMovement.cs
  artifactKey: Guid(b9f961547c778c548aa838b59120eafb) Importer(815301076,1909f56bfc062723c751e8b465ee728b)
Start importing Assets/Entities/Player/PlayerMovement.cs using Guid(b9f961547c778c548aa838b59120eafb) Importer(815301076,1909f56bfc062723c751e8b465ee728b)  -> (artifact id: '56a2fc611273f70f44713ce2e74c5f1a') in 0.006800 seconds
  Import took 0.009652 seconds .

========================================================================
Received Prepare
Registering precompiled user dll's ...
Registered in 0.001278 seconds.
Begin MonoManager ReloadAssembly
Native extension for WindowsStandalone target not found
Refreshing native plugins compatible for Editor in 0.36 ms, found 1 plugins.
Preloading 0 native plugins for Editor in 0.00 ms.
Mono: successfully reloaded assembly
- Completed reload, in  0.764 seconds
Platform modules already initialized, skipping
Refreshing native plugins compatible for Editor in 0.30 ms, found 1 plugins.
Preloading 0 native plugins for Editor in 0.00 ms.
Unloading 1805 Unused Serialized files (Serialized files now loaded: 0)
System memory in use before: 88.4 MB.
System memory in use after: 88.4 MB.

Unloading 12 unused Assets to reduce memory usage. Loaded Objects now: 2351.
Total: 2.149800 ms (FindLiveObjects: 0.329100 ms CreateObjectMapping: 0.128500 ms MarkObjects: 1.589400 ms  DeleteObjects: 0.101800 ms)

========================================================================
Received Import Request.
  Time since last request: 67.601929 seconds.
  path: Assets/Entities/Player/PlayerMovement.cs
  artifactKey: Guid(b9f961547c778c548aa838b59120eafb) Importer(815301076,1909f56bfc062723c751e8b465ee728b)
Start importing Assets/Entities/Player/PlayerMovement.cs using Guid(b9f961547c778c548aa838b59120eafb) Importer(815301076,1909f56bfc062723c751e8b465ee728b)  -> (artifact id: '7494463c5695f601505aab09032e29a2') in 0.003869 seconds
  Import took 0.006598 seconds .

========================================================================
Received Prepare
Registering precompiled user dll's ...
Registered in 0.000862 seconds.
Begin MonoManager ReloadAssembly
Native extension for WindowsStandalone target not found
Refreshing native plugins compatible for Editor in 0.31 ms, found 1 plugins.
Preloading 0 native plugins for Editor in 0.00 ms.
Mono: successfully reloaded assembly
- Completed reload, in  0.734 seconds
Platform modules already initialized, skipping
Refreshing native plugins compatible for Editor in 0.31 ms, found 1 plugins.
Preloading 0 native plugins for Editor in 0.00 ms.
Unloading 1805 Unused Serialized files (Serialized files now loaded: 0)
System memory in use before: 88.4 MB.
System memory in use after: 88.4 MB.

Unloading 12 unused Assets to reduce memory usage. Loaded Objects now: 2355.
Total: 1.937400 ms (FindLiveObjects: 0.279700 ms CreateObjectMapping: 0.088000 ms MarkObjects: 1.468500 ms  DeleteObjects: 0.100500 ms)

========================================================================
Received Prepare
Registering precompiled user dll's ...
Registered in 0.000958 seconds.
Begin MonoManager ReloadAssembly
Native extension for WindowsStandalone target not found
Refreshing native plugins compatible for Editor in 0.31 ms, found 1 plugins.
Preloading 0 native plugins for Editor in 0.00 ms.
Mono: successfully reloaded assembly
- Completed reload, in  0.727 seconds
Platform modules already initialized, skipping
Refreshing native plugins compatible for Editor in 0.31 ms, found 1 plugins.
Preloading 0 native plugins for Editor in 0.00 ms.
Unloading 1805 Unused Serialized files (Serialized files now loaded: 0)
System memory in use before: 88.4 MB.
System memory in use after: 88.4 MB.

Unloading 12 unused Assets to reduce memory usage. Loaded Objects now: 2359.
Total: 2.280400 ms (FindLiveObjects: 0.351400 ms CreateObjectMapping: 0.177500 ms MarkObjects: 1.651700 ms  DeleteObjects: 0.098700 ms)

========================================================================
Received Prepare
Registering precompiled user dll's ...
Registered in 0.000971 seconds.
Begin MonoManager ReloadAssembly
Native extension for WindowsStandalone target not found
Refreshing native plugins compatible for Editor in 0.31 ms, found 1 plugins.
Preloading 0 native plugins for Editor in 0.00 ms.
Mono: successfully reloaded assembly
- Completed reload, in  0.764 seconds
Platform modules already initialized, skipping
Refreshing native plugins compatible for Editor in 0.35 ms, found 1 plugins.
Preloading 0 native plugins for Editor in 0.00 ms.
Unloading 1805 Unused Serialized files (Serialized files now loaded: 0)
System memory in use before: 88.4 MB.
System memory in use after: 88.4 MB.

Unloading 12 unused Assets to reduce memory usage. Loaded Objects now: 2363.
Total: 2.634700 ms (FindLiveObjects: 0.285400 ms CreateObjectMapping: 0.104100 ms MarkObjects: 2.129600 ms  DeleteObjects: 0.114300 ms)

========================================================================
Received Prepare
Registering precompiled user dll's ...
Registered in 0.000990 seconds.
Begin MonoManager ReloadAssembly
Native extension for WindowsStandalone target not found
Refreshing native plugins compatible for Editor in 0.31 ms, found 1 plugins.
Preloading 0 native plugins for Editor in 0.00 ms.
Mono: successfully reloaded assembly
- Completed reload, in  0.753 seconds
Platform modules already initialized, skipping
Refreshing native plugins compatible for Editor in 0.35 ms, found 1 plugins.
Preloading 0 native plugins for Editor in 0.00 ms.
Unloading 1805 Unused Serialized files (Serialized files now loaded: 0)
System memory in use before: 88.4 MB.
System memory in use after: 88.4 MB.

Unloading 12 unused Assets to reduce memory usage. Loaded Objects now: 2367.
Total: 1.948900 ms (FindLiveObjects: 0.184900 ms CreateObjectMapping: 0.062900 ms MarkObjects: 1.599800 ms  DeleteObjects: 0.100300 ms)

========================================================================
Received Prepare
Registering precompiled user dll's ...
Registered in 0.000913 seconds.
Begin MonoManager ReloadAssembly
Native extension for WindowsStandalone target not found
Refreshing native plugins compatible for Editor in 0.33 ms, found 1 plugins.
Preloading 0 native plugins for Editor in 0.00 ms.
Mono: successfully reloaded assembly
- Completed reload, in  0.741 seconds
Platform modules already initialized, skipping
Refreshing native plugins compatible for Editor in 0.31 ms, found 1 plugins.
Preloading 0 native plugins for Editor in 0.00 ms.
Unloading 1805 Unused Serialized files (Serialized files now loaded: 0)
System memory in use before: 88.4 MB.
System memory in use after: 88.4 MB.

Unloading 12 unused Assets to reduce memory usage. Loaded Objects now: 2371.
Total: 2.286200 ms (FindLiveObjects: 0.309800 ms CreateObjectMapping: 0.122800 ms MarkObjects: 1.748400 ms  DeleteObjects: 0.103900 ms)

========================================================================
Received Prepare
Registering precompiled user dll's ...
Registered in 0.000906 seconds.
Begin MonoManager ReloadAssembly
Native extension for WindowsStandalone target not found
Refreshing native plugins compatible for Editor in 0.32 ms, found 1 plugins.
Preloading 0 native plugins for Editor in 0.00 ms.
Mono: successfully reloaded assembly
- Completed reload, in  0.766 seconds
Platform modules already initialized, skipping
Refreshing native plugins compatible for Editor in 0.31 ms, found 1 plugins.
Preloading 0 native plugins for Editor in 0.00 ms.
Unloading 1805 Unused Serialized files (Serialized files now loaded: 0)
System memory in use before: 88.4 MB.
System memory in use after: 88.4 MB.

Unloading 12 unused Assets to reduce memory usage. Loaded Objects now: 2375.
Total: 2.245700 ms (FindLiveObjects: 0.252600 ms CreateObjectMapping: 0.077800 ms MarkObjects: 1.814200 ms  DeleteObjects: 0.100200 ms)

========================================================================
Received Prepare
Registering precompiled user dll's ...
Registered in 0.000884 seconds.
Begin MonoManager ReloadAssembly
Native extension for WindowsStandalone target not found
Refreshing native plugins compatible for Editor in 0.32 ms, found 1 plugins.
Preloading 0 native plugins for Editor in 0.00 ms.
Mono: successfully reloaded assembly
- Completed reload, in  0.762 seconds
Platform modules already initialized, skipping
Refreshing native plugins compatible for Editor in 0.32 ms, found 1 plugins.
Preloading 0 native plugins for Editor in 0.00 ms.
Unloading 1805 Unused Serialized files (Serialized files now loaded: 0)
System memory in use before: 88.5 MB.
System memory in use after: 88.4 MB.

Unloading 12 unused Assets to reduce memory usage. Loaded Objects now: 2379.
Total: 2.188000 ms (FindLiveObjects: 0.222400 ms CreateObjectMapping: 0.077300 ms MarkObjects: 1.788000 ms  DeleteObjects: 0.099600 ms)

========================================================================
Received Prepare
Registering precompiled user dll's ...
Registered in 0.000856 seconds.
Begin MonoManager ReloadAssembly
Native extension for WindowsStandalone target not found
Refreshing native plugins compatible for Editor in 0.31 ms, found 1 plugins.
Preloading 0 native plugins for Editor in 0.00 ms.
Mono: successfully reloaded assembly
- Completed reload, in  0.762 seconds
Platform modules already initialized, skipping
Refreshing native plugins compatible for Editor in 0.37 ms, found 1 plugins.
Preloading 0 native plugins for Editor in 0.00 ms.
Unloading 1805 Unused Serialized files (Serialized files now loaded: 0)
System memory in use before: 88.5 MB.
System memory in use after: 88.4 MB.

Unloading 12 unused Assets to reduce memory usage. Loaded Objects now: 2383.
Total: 2.199400 ms (FindLiveObjects: 0.325700 ms CreateObjectMapping: 0.103400 ms MarkObjects: 1.668200 ms  DeleteObjects: 0.100500 ms)

========================================================================
Received Prepare
Registering precompiled user dll's ...
Registered in 0.000856 seconds.
Begin MonoManager ReloadAssembly
Native extension for WindowsStandalone target not found
Refreshing native plugins compatible for Editor in 0.37 ms, found 1 plugins.
Preloading 0 native plugins for Editor in 0.00 ms.
Mono: successfully reloaded assembly
- Completed reload, in  0.753 seconds
Platform modules already initialized, skipping
Refreshing native plugins compatible for Editor in 0.30 ms, found 1 plugins.
Preloading 0 native plugins for Editor in 0.00 ms.
Unloading 1805 Unused Serialized files (Serialized files now loaded: 0)
System memory in use before: 88.5 MB.
System memory in use after: 88.4 MB.

Unloading 12 unused Assets to reduce memory usage. Loaded Objects now: 2387.
Total: 2.226800 ms (FindLiveObjects: 0.388400 ms CreateObjectMapping: 0.117300 ms MarkObjects: 1.620500 ms  DeleteObjects: 0.098100 ms)

========================================================================
Received Prepare
Registering precompiled user dll's ...
Registered in 0.000907 seconds.
Begin MonoManager ReloadAssembly
Native extension for WindowsStandalone target not found
Refreshing native plugins compatible for Editor in 0.37 ms, found 1 plugins.
Preloading 0 native plugins for Editor in 0.00 ms.
Mono: successfully reloaded assembly
- Completed reload, in  0.743 seconds
Platform modules already initialized, skipping
Refreshing native plugins compatible for Editor in 0.31 ms, found 1 plugins.
Preloading 0 native plugins for Editor in 0.00 ms.
Unloading 1805 Unused Serialized files (Serialized files now loaded: 0)
System memory in use before: 88.5 MB.
System memory in use after: 88.5 MB.

Unloading 12 unused Assets to reduce memory usage. Loaded Objects now: 2391.
Total: 2.162100 ms (FindLiveObjects: 0.198300 ms CreateObjectMapping: 0.073900 ms MarkObjects: 1.793300 ms  DeleteObjects: 0.095700 ms)

========================================================================
Received Prepare
Registering precompiled user dll's ...
Registered in 0.001012 seconds.
Begin MonoManager ReloadAssembly
Native extension for WindowsStandalone target not found
Refreshing native plugins compatible for Editor in 0.31 ms, found 1 plugins.
Preloading 0 native plugins for Editor in 0.00 ms.
Mono: successfully reloaded assembly
- Completed reload, in  0.717 seconds
Platform modules already initialized, skipping
Refreshing native plugins compatible for Editor in 0.31 ms, found 1 plugins.
Preloading 0 native plugins for Editor in 0.00 ms.
Unloading 1805 Unused Serialized files (Serialized files now loaded: 0)
System memory in use before: 88.5 MB.
System memory in use after: 88.5 MB.

Unloading 12 unused Assets to reduce memory usage. Loaded Objects now: 2395.
Total: 1.949800 ms (FindLiveObjects: 0.218600 ms CreateObjectMapping: 0.077600 ms MarkObjects: 1.558200 ms  DeleteObjects: 0.094400 ms)

========================================================================
Received Prepare
Registering precompiled user dll's ...
Registered in 0.001150 seconds.
Begin MonoManager ReloadAssembly
Native extension for WindowsStandalone target not found
Refreshing native plugins compatible for Editor in 0.31 ms, found 1 plugins.
Preloading 0 native plugins for Editor in 0.00 ms.
Mono: successfully reloaded assembly
- Completed reload, in  0.728 seconds
Platform modules already initialized, skipping
Refreshing native plugins compatible for Editor in 0.31 ms, found 1 plugins.
Preloading 0 native plugins for Editor in 0.00 ms.
Unloading 1805 Unused Serialized files (Serialized files now loaded: 0)
System memory in use before: 88.5 MB.
System memory in use after: 88.5 MB.

Unloading 12 unused Assets to reduce memory usage. Loaded Objects now: 2399.
Total: 2.173100 ms (FindLiveObjects: 0.214500 ms CreateObjectMapping: 0.076100 ms MarkObjects: 1.786800 ms  DeleteObjects: 0.094700 ms)

========================================================================
Received Prepare
Registering precompiled user dll's ...
Registered in 0.000986 seconds.
Begin MonoManager ReloadAssembly
Native extension for WindowsStandalone target not found
Refreshing native plugins compatible for Editor in 0.31 ms, found 1 plugins.
Preloading 0 native plugins for Editor in 0.00 ms.
Mono: successfully reloaded assembly
- Completed reload, in  0.738 seconds
Platform modules already initialized, skipping
Refreshing native plugins compatible for Editor in 0.40 ms, found 1 plugins.
Preloading 0 native plugins for Editor in 0.00 ms.
Unloading 1805 Unused Serialized files (Serialized files now loaded: 0)
System memory in use before: 88.5 MB.
System memory in use after: 88.5 MB.

Unloading 12 unused Assets to reduce memory usage. Loaded Objects now: 2403.
Total: 2.124100 ms (FindLiveObjects: 0.211400 ms CreateObjectMapping: 0.075000 ms MarkObjects: 1.736400 ms  DeleteObjects: 0.099800 ms)

========================================================================
Received Prepare
Registering precompiled user dll's ...
Registered in 0.001032 seconds.
Begin MonoManager ReloadAssembly
Native extension for WindowsStandalone target not found
Refreshing native plugins compatible for Editor in 0.32 ms, found 1 plugins.
Preloading 0 native plugins for Editor in 0.00 ms.
Mono: successfully reloaded assembly
- Completed reload, in  0.743 seconds
Platform modules already initialized, skipping
Refreshing native plugins compatible for Editor in 0.31 ms, found 1 plugins.
Preloading 0 native plugins for Editor in 0.00 ms.
Unloading 1805 Unused Serialized files (Serialized files now loaded: 0)
System memory in use before: 88.5 MB.
System memory in use after: 88.5 MB.

Unloading 12 unused Assets to reduce memory usage. Loaded Objects now: 2407.
Total: 2.159800 ms (FindLiveObjects: 0.206300 ms CreateObjectMapping: 0.075700 ms MarkObjects: 1.781200 ms  DeleteObjects: 0.095400 ms)

========================================================================
Received Prepare
Registering precompiled user dll's ...
Registered in 0.000867 seconds.
Begin MonoManager ReloadAssembly
Native extension for WindowsStandalone target not found
Refreshing native plugins compatible for Editor in 0.31 ms, found 1 plugins.
Preloading 0 native plugins for Editor in 0.00 ms.
Mono: successfully reloaded assembly
- Completed reload, in  0.740 seconds
Platform modules already initialized, skipping
Refreshing native plugins compatible for Editor in 0.30 ms, found 1 plugins.
Preloading 0 native plugins for Editor in 0.00 ms.
Unloading 1805 Unused Serialized files (Serialized files now loaded: 0)
System memory in use before: 88.5 MB.
System memory in use after: 88.5 MB.

Unloading 12 unused Assets to reduce memory usage. Loaded Objects now: 2411.
Total: 1.991900 ms (FindLiveObjects: 0.209000 ms CreateObjectMapping: 0.069000 ms MarkObjects: 1.619100 ms  DeleteObjects: 0.094000 ms)

========================================================================
Received Prepare
Registering precompiled user dll's ...
Registered in 0.000866 seconds.
Begin MonoManager ReloadAssembly
Native extension for WindowsStandalone target not found
Refreshing native plugins compatible for Editor in 0.44 ms, found 1 plugins.
Preloading 0 native plugins for Editor in 0.00 ms.
Mono: successfully reloaded assembly
- Completed reload, in  0.758 seconds
Platform modules already initialized, skipping
Refreshing native plugins compatible for Editor in 0.31 ms, found 1 plugins.
Preloading 0 native plugins for Editor in 0.00 ms.
Unloading 1805 Unused Serialized files (Serialized files now loaded: 0)
System memory in use before: 88.5 MB.
System memory in use after: 88.5 MB.

Unloading 12 unused Assets to reduce memory usage. Loaded Objects now: 2415.
Total: 2.228200 ms (FindLiveObjects: 0.250900 ms CreateObjectMapping: 0.083300 ms MarkObjects: 1.798600 ms  DeleteObjects: 0.094600 ms)

========================================================================
Received Prepare
Registering precompiled user dll's ...
Registered in 0.000852 seconds.
Begin MonoManager ReloadAssembly
Native extension for WindowsStandalone target not found
Refreshing native plugins compatible for Editor in 0.31 ms, found 1 plugins.
Preloading 0 native plugins for Editor in 0.00 ms.
Mono: successfully reloaded assembly
- Completed reload, in  0.783 seconds
Platform modules already initialized, skipping
Refreshing native plugins compatible for Editor in 0.32 ms, found 1 plugins.
Preloading 0 native plugins for Editor in 0.00 ms.
Unloading 1805 Unused Serialized files (Serialized files now loaded: 0)
System memory in use before: 88.5 MB.
System memory in use after: 88.5 MB.

Unloading 12 unused Assets to reduce memory usage. Loaded Objects now: 2419.
Total: 1.964800 ms (FindLiveObjects: 0.229900 ms CreateObjectMapping: 0.102000 ms MarkObjects: 1.529100 ms  DeleteObjects: 0.102500 ms)

========================================================================
Received Import Request.
  Time since last request: 1465.502966 seconds.
  path: Assets/New Physic Material.physicMaterial
  artifactKey: Guid(9437e1a0e4ff5e84fa8298931a1ae216) Importer(815301076,1909f56bfc062723c751e8b465ee728b)
Start importing Assets/New Physic Material.physicMaterial using Guid(9437e1a0e4ff5e84fa8298931a1ae216) Importer(815301076,1909f56bfc062723c751e8b465ee728b)  -> (artifact id: 'c1a0b69d8a2a4844dd340403c9164018') in 0.016609 seconds
  Import took 0.019302 seconds .

========================================================================
Received Import Request.
  Time since last request: 0.000848 seconds.
  path: Assets/New Physic Material.physicMaterial
  artifactKey: Guid(9437e1a0e4ff5e84fa8298931a1ae216) Importer(815301076,1909f56bfc062723c751e8b465ee728b)
Start importing Assets/New Physic Material.physicMaterial using Guid(9437e1a0e4ff5e84fa8298931a1ae216) Importer(815301076,1909f56bfc062723c751e8b465ee728b)  -> (artifact id: 'c1a0b69d8a2a4844dd340403c9164018') in 0.002315 seconds
  Import took 0.004937 seconds .

========================================================================
Received Import Request.
  Time since last request: 17.377580 seconds.
  path: Assets/New Folder
  artifactKey: Guid(a685a6c0c18a6b647b7df82fc1d0b747) Importer(815301076,1909f56bfc062723c751e8b465ee728b)
Start importing Assets/New Folder using Guid(a685a6c0c18a6b647b7df82fc1d0b747) Importer(815301076,1909f56bfc062723c751e8b465ee728b)  -> (artifact id: 'ed745432787ac5fc4d24d3094635fc23') in 0.005566 seconds
  Import took 0.008162 seconds .

========================================================================
Received Import Request.
  Time since last request: 17.164175 seconds.
  path: Assets/Materials/New Physic Material.physicMaterial
  artifactKey: Guid(ff0a3c3d186fc1c42b8889d05e098f3e) Importer(815301076,1909f56bfc062723c751e8b465ee728b)
Start importing Assets/Materials/New Physic Material.physicMaterial using Guid(ff0a3c3d186fc1c42b8889d05e098f3e) Importer(815301076,1909f56bfc062723c751e8b465ee728b)  -> (artifact id: '96761420ea0f41d3e05a78a6655f8930') in 0.012473 seconds
  Import took 0.019182 seconds .

========================================================================
Received Import Request.
  Time since last request: 0.008004 seconds.
  path: Assets/Materials/New Physic Material.physicMaterial
  artifactKey: Guid(ff0a3c3d186fc1c42b8889d05e098f3e) Importer(815301076,1909f56bfc062723c751e8b465ee728b)
Start importing Assets/Materials/New Physic Material.physicMaterial using Guid(ff0a3c3d186fc1c42b8889d05e098f3e) Importer(815301076,1909f56bfc062723c751e8b465ee728b)  -> (artifact id: '96761420ea0f41d3e05a78a6655f8930') in 0.003653 seconds
  Import took 0.007335 seconds .

========================================================================
Received Import Request.
  Time since last request: 3057.937108 seconds.
  path: Assets/Materials/New Physics Material 2D.physicsMaterial2D
  artifactKey: Guid(ed679bd3b7f3c5441983ad92249fd69e) Importer(815301076,1909f56bfc062723c751e8b465ee728b)
Start importing Assets/Materials/New Physics Material 2D.physicsMaterial2D using Guid(ed679bd3b7f3c5441983ad92249fd69e) Importer(815301076,1909f56bfc062723c751e8b465ee728b)  -> (artifact id: 'a84e7765d9b3e7d72c06acd43a7162da') in 0.009292 seconds
  Import took 0.015669 seconds .

========================================================================
Received Import Request.
  Time since last request: 21.501237 seconds.
  path: Assets/Materials/Slippery.physicsMaterial2D
  artifactKey: Guid(ed679bd3b7f3c5441983ad92249fd69e) Importer(815301076,1909f56bfc062723c751e8b465ee728b)
Start importing Assets/Materials/Slippery.physicsMaterial2D using Guid(ed679bd3b7f3c5441983ad92249fd69e) Importer(815301076,1909f56bfc062723c751e8b465ee728b)  -> (artifact id: '0d38b9a1cc8940ea8a5f08c508ec7dd6') in 0.005711 seconds
  Import took 0.009305 seconds .

========================================================================
Received Import Request.
  Time since last request: 0.001679 seconds.
  path: Assets/Materials/Slippery.physicsMaterial2D
  artifactKey: Guid(ed679bd3b7f3c5441983ad92249fd69e) Importer(815301076,1909f56bfc062723c751e8b465ee728b)
Start importing Assets/Materials/Slippery.physicsMaterial2D using Guid(ed679bd3b7f3c5441983ad92249fd69e) Importer(815301076,1909f56bfc062723c751e8b465ee728b)  -> (artifact id: '0d38b9a1cc8940ea8a5f08c508ec7dd6') in 0.002469 seconds
  Import took 0.004961 seconds .

========================================================================
Received Prepare
Registering precompiled user dll's ...
Registered in 0.001032 seconds.
Begin MonoManager ReloadAssembly
Native extension for WindowsStandalone target not found
Refreshing native plugins compatible for Editor in 0.31 ms, found 1 plugins.
Preloading 0 native plugins for Editor in 0.00 ms.
Mono: successfully reloaded assembly
- Completed reload, in  0.771 seconds
Platform modules already initialized, skipping
Refreshing native plugins compatible for Editor in 0.31 ms, found 1 plugins.
Preloading 0 native plugins for Editor in 0.00 ms.
Unloading 1805 Unused Serialized files (Serialized files now loaded: 0)
System memory in use before: 88.6 MB.
System memory in use after: 88.5 MB.

Unloading 12 unused Assets to reduce memory usage. Loaded Objects now: 2423.
Total: 2.205700 ms (FindLiveObjects: 0.209700 ms CreateObjectMapping: 0.066900 ms MarkObjects: 1.820000 ms  DeleteObjects: 0.108300 ms)

========================================================================
Received Import Request.
  Time since last request: 202.695471 seconds.
  path: Assets/Entities/Player/PlayerMovement.cs
  artifactKey: Guid(b9f961547c778c548aa838b59120eafb) Importer(815301076,1909f56bfc062723c751e8b465ee728b)
Start importing Assets/Entities/Player/PlayerMovement.cs using Guid(b9f961547c778c548aa838b59120eafb) Importer(815301076,1909f56bfc062723c751e8b465ee728b)  -> (artifact id: '8b48cda6b7881cb6309ae003c6a2efb0') in 0.004221 seconds
  Import took 0.010810 seconds .

========================================================================
Received Prepare
Registering precompiled user dll's ...
Registered in 0.000893 seconds.
Begin MonoManager ReloadAssembly
Native extension for WindowsStandalone target not found
Refreshing native plugins compatible for Editor in 0.32 ms, found 1 plugins.
Preloading 0 native plugins for Editor in 0.00 ms.
Mono: successfully reloaded assembly
- Completed reload, in  0.735 seconds
Platform modules already initialized, skipping
Refreshing native plugins compatible for Editor in 0.31 ms, found 1 plugins.
Preloading 0 native plugins for Editor in 0.00 ms.
Unloading 1805 Unused Serialized files (Serialized files now loaded: 0)
System memory in use before: 88.6 MB.
System memory in use after: 88.5 MB.

Unloading 12 unused Assets to reduce memory usage. Loaded Objects now: 2427.
Total: 2.078100 ms (FindLiveObjects: 0.248200 ms CreateObjectMapping: 0.088900 ms MarkObjects: 1.636600 ms  DeleteObjects: 0.103100 ms)

========================================================================
Received Prepare
Registering precompiled user dll's ...
Registered in 0.001008 seconds.
Begin MonoManager ReloadAssembly
Native extension for WindowsStandalone target not found
Refreshing native plugins compatible for Editor in 0.33 ms, found 1 plugins.
Preloading 0 native plugins for Editor in 0.00 ms.
Mono: successfully reloaded assembly
- Completed reload, in  0.847 seconds
Platform modules already initialized, skipping
Refreshing native plugins compatible for Editor in 0.36 ms, found 1 plugins.
Preloading 0 native plugins for Editor in 0.00 ms.
Unloading 1805 Unused Serialized files (Serialized files now loaded: 0)
System memory in use before: 88.6 MB.
System memory in use after: 88.6 MB.

Unloading 12 unused Assets to reduce memory usage. Loaded Objects now: 2431.
Total: 2.011000 ms (FindLiveObjects: 0.230000 ms CreateObjectMapping: 0.065400 ms MarkObjects: 1.615000 ms  DeleteObjects: 0.099700 ms)

AssetImportWorkerClient::OnTransportError - code=2 error=End of file
